[LOG] SystemI::init                            : FMOD Studio Version: 00010706 (71893)
[LOG] SystemI::init                            : maxchannels = 1024, flags = 00030000, extradriverdata = 0000000000000000
[LOG] SystemI::close                           : 
[LOG] SystemI::close                           : Stop all sounds
[LOG] SystemI::close                           : Remove miscllaneous DSP stuff.
[LOG] SystemI::close                           : done.

[LOG] OutputWASAPI::init                       : Mix Format (WAVEFORMATEX): wFormatTag=0xFFFE, nChannels=2, nSamplesPerSec=48000, nAvgBytesPerSec=384000, nBlockAlign=8, wBitsPerSample=32, cbSize=22.
[LOG] OutputWASAPI::init                       : Mix Format (WAVEFORMATEXTENSIBLE): wValidBitsPerSample=32, dwChannelMask=0x00000003, SubFormat=00000003-0000-0010-8000-00AA00389B71.
[LOG] Thread::initThread                       : Initializing FMOD (WASAPI) feeder thread.  priority 0
[LOG] Thread::initThread                       : - Stacksize 0.  Stack pointer 0000000000000000 : usesemaphore = 0 : sleeptime = 0
[LOG] Thread::callback                         : * FMOD (WASAPI) feeder thread started
[LOG] Thread::initThread                       : Initializing FMOD mixer thread.  priority 2
[LOG] OutputWASAPI::feederUpdate               : WASAPI feeder thread set to 'Audio' characteristic
[LOG] Thread::initThread                       : - Stacksize 49152.  Stack pointer 0000000000000000 : usesemaphore = 1 : sleeptime = 0
[LOG] Thread::callback                         : * FMOD mixer thread started
[LOG] SystemI::init                            : Set up emulated output
[LOG] SystemI::init                            : create the channel pool
[LOG] SystemI::init                            : Set up streamer
[LOG] Thread::initThread                       : Initializing FMOD stream thread.  priority 2
[LOG] Thread::initThread                       : - Stacksize 65536.  Stack pointer 0000000000000000 : usesemaphore = 0 : sleeptime = 10
[LOG] Thread::callback                         : * FMOD stream thread started
[LOG] Thread::initThread                       : Initializing FMOD Studio update thread.  priority 0
[LOG] Thread::initThread                       : - Stacksize 65536.  Stack pointer 0000000000000000 : usesemaphore = 0 : sleeptime = 1
[LOG] Thread::callback                         : * FMOD Studio update thread started
[LOG] LiveUpdate::init                         : 
[LOG] Thread::initThread                       : Initializing FMOD Studio load thread.  priority 0
[LOG] Thread::initThread                       : - Stacksize 65536.  Stack pointer 0000000000000000 : usesemaphore = 0 : sleeptime = 1
[LOG] Thread::callback                         : * FMOD Studio load thread started
[LOG] Profile::init                            : Profiler listening on port: 9264
[LOG] Manager::readBank                        : fileversion = 64, compatVersion = 63 (oldest = 44, newest = 68)
[LOG] Manager::readBank                        : fileversion = 64, compatVersion = 63 (oldest = 44, newest = 68)
[LOG] SystemI::createSound                     : filename = Assets\ThirdParties\Fmod\Sound\Build\Desktop/Master Bank.bank : mode 0a010202
[LOG] SystemI::createSound                     : FMOD_NONBLOCKING specified.  Putting into queue to be opened asynchronously!
[LOG] OutputSoftware::createSample             : lengthpcm 0, lengthbytes 0, channels 0, format 0, freq 0, mode 00000000
[LOG] Thread::initThread                       : Initializing FMOD nonblocking thread (0).  priority 1
[LOG] Thread::initThread                       : - Stacksize 81920.  Stack pointer 0000000000000000 : usesemaphore = 1 : sleeptime = 0
[LOG] Thread::callback                         : * FMOD nonblocking thread (0) started
[LOG] SystemI::createSound                     : setdata soundi = 00000000208CAF48 : node = 00000000208CB0F0
[LOG] SystemI::createSound                     : add node to async list : head = 00000000208CB390.  list count = 0
[LOG] AsyncThread::threadFunc                  : Starting Asynchronous operation on sound 00000000208CAF48
[LOG] SystemI::createSound                     : filename = Assets\ThirdParties\Fmod\Sound\Build\Desktop/Master Bank.bank : mode 0a010202
[LOG] SystemI::createSound                     :     FMOD_NONBLOCKING specified.  Putting into queue to be opened asynchronously!
[LOG] SystemI::createSoundInternal             :     filename = Assets\ThirdParties\Fmod\Sound\Build\Desktop/Master Bank.bank : mode 0a010202
[LOG] SystemI::createSoundInternal             :     exinfo->cbsize             = 216
[LOG] OutputSoftware::createSample             :     lengthpcm 0, lengthbytes 0, channels 0, format 0, freq 0, mode 00000000
[LOG] SystemI::createSoundInternal             :     exinfo->length             = 13900832
[LOG] SystemI::createSound                     :     setdata soundi = 00000000208CB3E8 : node = 00000000208CB590
[LOG] SystemI::createSound                     :     add node to async list : head = 00000000208CB390.  list count = 0
[LOG] SystemI::createSoundInternal             :     exinfo->fileoffset         = 28320
[LOG] SystemI::createSoundInternal             :     exinfo->numsubsounds       = 1
[LOG] SystemI::createSound                     :     filename = Assets\ThirdParties\Fmod\Sound\Build\Desktop/Master Bank.bank : mode 0a010202
[LOG] SystemI::createSound                     :     FMOD_NONBLOCKING specified.  Putting into queue to be opened asynchronously!
[LOG] SystemI::createSoundInternal             :     exinfo->inclusionlist      = 00000000208CB1F8
[LOG] OutputSoftware::createSample             :     lengthpcm 0, lengthbytes 0, channels 0, format 0, freq 0, mode 00000000
[LOG] SystemI::createSoundInternal             :     exinfo->inclusionlistnum   = 1
[LOG] SystemI::createSoundInternal             :     exinfo->suggestedsoundtype = 5
8 : node = 00000000208DC380
[LOG] SystemI::createSoundInternal             :     exinfo->initialseekpostype = 1
[LOG] SystemI::createSound                     :     add node to async list : head = 00000000208CB390.  list count = 1
[LOG] SystemI::createSound                     :     filename = Assets\ThirdParties\Fmod\Sound\Build\Desktop/Master Bank.bank : mode 0a010202
[LOG] SystemI::createSound                     :     FMOD_NONBLOCKING specified.  Putting into queue to be opened asynchronously!
[LOG] OutputSoftware::createSample             :     lengthpcm 0, lengthbytes 0, channels 0, format 0, freq 0, mode 00000000
[LOG] SystemI::createSound                     :     setdata soundi = 00000000208DCEE8 : node = 00000000208DD090
[LOG] SystemI::createSound                     :     add node to async list : head = 00000000208CB390.  list count = 2
[LOG] SystemI::createSound                     :     filename = Assets\ThirdParties\Fmod\Sound\Build\Desktop/Master Bank.bank : mode 0a010202
[LOG] SystemI::createSound                     :     FMOD_NONBLOCKING specified.  Putting into queue to be opened asynchronously!
[LOG] OutputSoftware::createSample             :     lengthpcm 0, lengthbytes 0, channels 0, format 0, freq 0, mode 00000000
[LOG] SystemI::createSound                     :     setdata soundi = 00000000208DD1B8 : node = 00000000208DD360
[LOG] SystemI::createSound                     :     add node to async list : head = 00000000208CB390.  list count = 3
[LOG] SystemI::createSound                     :     filename = Assets\ThirdParties\Fmod\Sound\Build\Desktop/Master Bank.bank : mode 0a010202
[LOG] SystemI::createSound                     :     FMOD_NONBLOCKING specified.  Putting into queue to be opened asynchronously!
[LOG] OutputSoftware::createSample             :     lengthpcm 0, lengthbytes 0, channels 0, format 0, freq 0, mode 00000000
[LOG] SystemI::createSound                     :     setdata soundi = 00000000208DD488 : node = 00000000208E1AE0
[LOG] SystemI::createSoundInternal             :     Format has 1 subsounds.
[LOG] SystemI::createSound                     :     add node to async list : head = 00000000208CB390.  list count = 4
[LOG] SystemI::createSoundInternal             :     Create as FMOD_CREATESAMPLE
[LOG] SystemI::createSound                     :     filename = Assets\ThirdParties\Fmod\Sound\Build\Desktop/Master Bank.bank : mode 0a010202
[LOG] SystemI::createSoundInternal             :     Multi-sample sound (1 subsounds), create a sample container.
[LOG] SystemI::createSound                     :     FMOD_NONBLOCKING specified.  Putting into queue to be opened asynchronously!
[LOG] SystemI::createSoundInternal             :     creating subsound 0/1
[LOG] OutputSoftware::createSample             :     lengthpcm 0, lengthbytes 0, channels 0, format 0, freq 0, mode 00000000
[LOG] SystemI::createSample                    :     mode 0a010202 length 21812453 samples, lengthbytes 5429440
[LOG] SystemI::createSample                    :     channels = 2
[LOG] SystemI::createSound                     :     setdata soundi = 00000000208DD618 : node = 00000000208E1D60
[LOG] SystemI::createSound                     :     add node to async list : head = 00000000208CB390.  list count = 5
[LOG] SystemI::createSample                    :     output = 00000000103DC508
[LOG] OutputSoftware::createSample             :     lengthpcm 21812453, lengthbytes 5429440, channels 2, format 2, freq 48000, mode 0a01020a
[LOG] SystemI::createSound                     :     filename = Assets\ThirdParties\Fmod\Sound\Build\Desktop/Master Bank.bank : mode 0a010202
[LOG] SystemI::createSound                     :     FMOD_NONBLOCKING specified.  Putting into queue to be opened asynchronously!
[LOG] OutputSoftware::createSample             :     lengthpcm 0, lengthbytes 0, channels 0, format 0, freq 0, mode 00000000
[LOG] SystemI::createSound                     :     setdata soundi = 00000000209A2FC8 : node = 00000000208E1C20
[LOG] SystemI::createSound                     :     add node to async list : head = 00000000208CB390.  list count = 6
[LOG] SystemI::createSoundInternal             :     done.  OpenState now = FMOD_OPENSTATE_READY.

[LOG] AsyncThread::threadFunc                  : Finished Asynchronous operation on sound 00000000208CAF48
[LOG] AsyncThread::threadFunc                  : Starting Asynchronous operation on sound 00000000208CB3E8
[LOG] SystemI::createSoundInternal             :     filename = Assets\ThirdParties\Fmod\Sound\Build\Desktop/Master Bank.bank : mode 0a010202
[LOG] SystemI::createSoundInternal             :     exinfo->cbsize             = 216
[LOG] SystemI::createSoundInternal             :     exinfo->length             = 13900832
[LOG] SystemI::createSoundInternal             :     exinfo->fileoffset         = 28320
[LOG] SystemI::createSoundInternal             :     exinfo->numsubsounds       = 1
[LOG] SystemI::createSoundInternal             :     exinfo->inclusionlist      = 00000000208CB698
[WRN] SoundSourceInstrumentInstance::startChannelIfReady :     Loading delay exceeded, sound may play at incorrect time
[LOG] SystemI::createSoundInternal             :     exinfo->inclusionlistnum   = 1
[LOG] SystemI::createSoundInternal             :     exinfo->suggestedsoundtype = 5
[LOG] SystemI::createSoundInternal             :     exinfo->initialseekpostype = 1
[LOG] SystemI::createSoundInternal             :     Format has 1 subsounds.
[LOG] SystemI::createSoundInternal             :     Create as FMOD_CREATESAMPLE
[LOG] SystemI::createSoundInternal             :     Multi-sample sound (1 subsounds), create a sample container.
[LOG] SystemI::createSoundInternal             :     creating subsound 0/1
[LOG] SystemI::createSample                    :     mode 0a010202 length 21812453 samples, lengthbytes 4755232
[LOG] SystemI::createSample                    :     channels = 2
[LOG] SystemI::createSample                    :     output = 00000000103DC508
[LOG] OutputSoftware::createSample             :     lengthpcm 21812453, lengthbytes 4755232, channels 2, format 2, freq 48000, mode 0a01020a
[LOG] SystemI::createSoundInternal             :     done.  OpenState now = FMOD_OPENSTATE_READY.

[LOG] AsyncThread::threadFunc                  : Finished Asynchronous operation on sound 00000000208CB3E8
[LOG] AsyncThread::threadFunc                  : Starting Asynchronous operation on sound 00000000208DC1D8
[LOG] SystemI::createSoundInternal             :     filename = Assets\ThirdParties\Fmod\Sound\Build\Desktop/Master Bank.bank : mode 0a010202
[WRN] SoundSourceInstrumentInstance::startChannelIfReady :     Loading delay exceeded, sound may play at incorrect time
[LOG] SystemI::createSoundInternal             :     exinfo->cbsize             = 216
[LOG] SystemI::createSoundInternal             :     exinfo->length             = 13900832
[LOG] SystemI::createSoundInternal             :     exinfo->fileoffset         = 28320
[LOG] SystemI::createSoundInternal             :     exinfo->numsubsounds       = 1
[LOG] SystemI::createSoundInternal             :     exinfo->inclusionlist      = 00000000208DC488
[LOG] SystemI::createSoundInternal             :     exinfo->inclusionlistnum   = 1
[LOG] SystemI::createSoundInternal             :     exinfo->suggestedsoundtype = 5
[LOG] SystemI::createSoundInternal             :     exinfo->initialseekpostype = 1
[LOG] SystemI::createSoundInternal             :     Format has 1 subsounds.
[LOG] SystemI::createSoundInternal             :     Create as FMOD_CREATESAMPLE
[LOG] SystemI::createSoundInternal             :     Multi-sample sound (1 subsounds), create a sample container.
[LOG] SystemI::createSoundInternal             :     creating subsound 0/1
[LOG] SystemI::createSample                    :     mode 0a010202 length 21812453 samples, lengthbytes 3085344
[LOG] SystemI::createSample                    :     channels = 1
[LOG] SystemI::createSample                    :     output = 00000000103DC508
[LOG] OutputSoftware::createSample             :     lengthpcm 21812453, lengthbytes 3085344, channels 1, format 2, freq 48000, mode 0a01020a
[LOG] SystemI::createSoundInternal             :     done.  OpenState now = FMOD_OPENSTATE_READY.

[LOG] AsyncThread::threadFunc                  : Finished Asynchronous operation on sound 00000000208DC1D8
[LOG] AsyncThread::threadFunc                  : Starting Asynchronous operation on sound 00000000208DCEE8
[LOG] SystemI::createSoundInternal             :     filename = Assets\ThirdParties\Fmod\Sound\Build\Desktop/Master Bank.bank : mode 0a010202
[WRN] SoundSourceInstrumentInstance::startChannelIfReady :     Loading delay exceeded, sound may play at incorrect time
[LOG] SystemI::createSoundInternal             :     exinfo->cbsize             = 216
[LOG] SystemI::createSoundInternal             :     exinfo->length             = 13900832
[LOG] SystemI::createSoundInternal             :     exinfo->fileoffset         = 28320
[LOG] SystemI::createSoundInternal             :     exinfo->numsubsounds       = 1
[LOG] SystemI::createSoundInternal             :     exinfo->inclusionlist      = 00000000208DD198
[LOG] SystemI::createSoundInternal             :     exinfo->inclusionlistnum   = 1
[LOG] SystemI::createSoundInternal             :     exinfo->suggestedsoundtype = 5
[LOG] SystemI::createSoundInternal             :     exinfo->initialseekpostype = 1
[LOG] SystemI::createSoundInternal             :     Format has 1 subsounds.
[LOG] SystemI::createSoundInternal             :     Create as FMOD_CREATESAMPLE
[LOG] SystemI::createSoundInternal             :     Multi-sample sound (1 subsounds), create a sample container.
[LOG] SystemI::createSoundInternal             :     creating subsound 0/1
[LOG] SystemI::createSample                    :     mode 0a010202 length 48901 samples, lengthbytes 6176
[LOG] SystemI::createSample                    :     channels = 1
[LOG] SystemI::createSample                    :     output = 00000000103DC508
[LOG] OutputSoftware::createSample             :     lengthpcm 48901, lengthbytes 6176, channels 1, format 2, freq 48000, mode 0a01020a
[LOG] SystemI::createSoundInternal             :     done.  OpenState now = FMOD_OPENSTATE_READY.

[LOG] AsyncThread::threadFunc                  : Finished Asynchronous operation on sound 00000000208DCEE8
[LOG] AsyncThread::threadFunc                  : Starting Asynchronous operation on sound 00000000208DD1B8
[LOG] SystemI::createSoundInternal             :     filename = Assets\ThirdParties\Fmod\Sound\Build\Desktop/Master Bank.bank : mode 0a010202
[LOG] SystemI::createSoundInternal             :     exinfo->cbsize             = 216
[LOG] SystemI::createSoundInternal             :     exinfo->length             = 13900832
[LOG] SystemI::createSoundInternal             :     exinfo->fileoffset         = 28320
[LOG] SystemI::createSoundInternal             :     exinfo->numsubsounds       = 1
[LOG] SystemI::createSoundInternal             :     exinfo->inclusionlist      = 00000000208DD468
[LOG] SystemI::createSoundInternal             :     exinfo->inclusionlistnum   = 1
[LOG] SystemI::createSoundInternal             :     exinfo->suggestedsoundtype = 5
[LOG] SystemI::createSoundInternal             :     exinfo->initialseekpostype = 1
[LOG] SystemI::createSoundInternal             :     Format has 1 subsounds.
[LOG] SystemI::createSoundInternal             :     Create as FMOD_CREATESAMPLE
[LOG] SystemI::createSoundInternal             :     Multi-sample sound (1 subsounds), create a sample container.
[LOG] SystemI::createSoundInternal             :     creating subsound 0/1
[LOG] SystemI::createSample                    :     mode 0a010202 length 784927 samples, lengthbytes 138528
[LOG] SystemI::createSample                    :     channels = 2
[LOG] SystemI::createSample                    :     output = 00000000103DC508
[LOG] OutputSoftware::createSample             :     lengthpcm 784927, lengthbytes 138528, channels 2, format 2, freq 48000, mode 0a01020a
[LOG] SystemI::createSoundInternal             :     done.  OpenState now = FMOD_OPENSTATE_READY.

[LOG] AsyncThread::threadFunc                  : Finished Asynchronous operation on sound 00000000208DD1B8
[LOG] AsyncThread::threadFunc                  : Starting Asynchronous operation on sound 00000000208DD488
[LOG] SystemI::createSoundInternal             :     filename = Assets\ThirdParties\Fmod\Sound\Build\Desktop/Master Bank.bank : mode 0a010202
[LOG] SystemI::createSoundInternal             :     exinfo->cbsize             = 216
[LOG] SystemI::createSoundInternal             :     exinfo->length             = 13900832
[LOG] SystemI::createSoundInternal             :     exinfo->fileoffset         = 28320
[LOG] SystemI::createSoundInternal             :     exinfo->numsubsounds       = 1
[LOG] SystemI::createSoundInternal             :     exinfo->inclusionlist      = 00000000208E1BE8
[LOG] SystemI::createSoundInternal             :     exinfo->inclusionlistnum   = 1
[LOG] SystemI::createSoundInternal             :     exinfo->suggestedsoundtype = 5
[LOG] SystemI::createSoundInternal             :     exinfo->initialseekpostype = 1
[LOG] SystemI::createSoundInternal             :     Format has 1 subsounds.
[LOG] SystemI::createSoundInternal             :     Create as FMOD_CREATESAMPLE
[LOG] SystemI::createSoundInternal             :     Multi-sample sound (1 subsounds), create a sample container.
[LOG] SystemI::createSoundInternal             :     creating subsound 0/1
[LOG] SystemI::createSample                    :     mode 0a010202 length 796212 samples, lengthbytes 102784
[LOG] SystemI::createSample                    :     channels = 1
[LOG] SystemI::createSample                    :     output = 00000000103DC508
[LOG] OutputSoftware::createSample             :     lengthpcm 796212, lengthbytes 102784, channels 1, format 2, freq 48000, mode 0a01020a
[LOG] SystemI::createSoundInternal             :     done.  OpenState now = FMOD_OPENSTATE_READY.

[LOG] AsyncThread::threadFunc                  : Finished Asynchronous operation on sound 00000000208DD488
[LOG] AsyncThread::threadFunc                  : Starting Asynchronous operation on sound 00000000208DD618
[LOG] SystemI::createSoundInternal             :     filename = Assets\ThirdParties\Fmod\Sound\Build\Desktop/Master Bank.bank : mode 0a010202
[LOG] SystemI::createSoundInternal             :     exinfo->cbsize             = 216
[LOG] SystemI::createSoundInternal             :     exinfo->length             = 13900832
[LOG] SystemI::createSoundInternal             :     exinfo->fileoffset         = 28320
[LOG] SystemI::createSoundInternal             :     exinfo->numsubsounds       = 1
[LOG] SystemI::createSoundInternal             :     exinfo->inclusionlist      = 00000000208E1E68
[LOG] SystemI::createSoundInternal             :     exinfo->inclusionlistnum   = 1
[LOG] SystemI::createSoundInternal             :     exinfo->suggestedsoundtype = 5
[LOG] SystemI::createSoundInternal             :     exinfo->initialseekpostype = 1
[LOG] SystemI::createSoundInternal             :     Format has 1 subsounds.
[LOG] SystemI::createSoundInternal             :     Create as FMOD_CREATESAMPLE
[LOG] SystemI::createSoundInternal             :     Multi-sample sound (1 subsounds), create a sample container.
[LOG] SystemI::createSoundInternal             :     creating subsound 0/1
[LOG] SystemI::createSample                    :     mode 0a010202 length 792450 samples, lengthbytes 139456
[LOG] SystemI::createSample                    :     channels = 2
[LOG] SystemI::createSample                    :     output = 00000000103DC508
[LOG] OutputSoftware::createSample             :     lengthpcm 792450, lengthbytes 139456, channels 2, format 2, freq 48000, mode 0a01020a
[LOG] SystemI::createSoundInternal             :     done.  OpenState now = FMOD_OPENSTATE_READY.

[LOG] AsyncThread::threadFunc                  : Finished Asynchronous operation on sound 00000000208DD618
[LOG] AsyncThread::threadFunc                  : Starting Asynchronous operation on sound 00000000209A2FC8
[LOG] SystemI::createSoundInternal             :     filename = Assets\ThirdParties\Fmod\Sound\Build\Desktop/Master Bank.bank : mode 0a010202
[LOG] SystemI::createSoundInternal             :     exinfo->cbsize             = 216
[LOG] SystemI::createSoundInternal             :     exinfo->length             = 13900832
[LOG] SystemI::createSoundInternal             :     exinfo->fileoffset         = 28320
[LOG] SystemI::createSoundInternal             :     exinfo->numsubsounds       = 1
[LOG] SystemI::createSoundInternal             :     exinfo->inclusionlist      = 00000000208E1D28
[LOG] SystemI::createSoundInternal             :     exinfo->inclusionlistnum   = 1
[LOG] SystemI::createSoundInternal             :     exinfo->suggestedsoundtype = 5
[LOG] SystemI::createSoundInternal             :     exinfo->initialseekpostype = 1
[LOG] SystemI::createSoundInternal             :     Format has 1 subsounds.
[LOG] SystemI::createSoundInternal             :     Create as FMOD_CREATESAMPLE
[LOG] SystemI::createSoundInternal             :     Multi-sample sound (1 subsounds), create a sample container.
[LOG] SystemI::createSoundInternal             :     creating subsound 0/1
[LOG] SystemI::createSample                    :     mode 0a010202 length 73978 samples, lengthbytes 10464
[LOG] SystemI::createSample                    :     channels = 1
[LOG] SystemI::createSample                    :     output = 00000000103DC508
[LOG] OutputSoftware::createSample             :     lengthpcm 73978, lengthbytes 10464, channels 1, format 2, freq 48000, mode 0a01020a
[LOG] SystemI::createSoundInternal             :     done.  OpenState now = FMOD_OPENSTATE_READY.

[LOG] AsyncThread::threadFunc                  : Finished Asynchronous operation on sound 00000000209A2FC8
[LOG] SoundI::release                          : (null) (00000000208DCEE8)
[LOG] SoundI::release                          : release subsounds. (00000000208DCEE8)
[LOG] SoundI::release                          :     (null) (00000000209ABB28)
[LOG] SoundI::release                          : release codec. (00000000208DCEE8)
[LOG] SoundI::release                          : (null) (00000000208DD488)
[LOG] SoundI::release                          : release subsounds. (00000000208DD488)
[LOG] SoundI::release                          :     (null) (000000002094A208)
[LOG] SoundI::release                          : release codec. (00000000208DD488)
[LOG] SoundI::release                          : (null) (00000000208DD618)
[LOG] SoundI::release                          : release subsounds. (00000000208DD618)
[LOG] SoundI::release                          :     (null) (00000000209E7258)
[LOG] SoundI::release                          : release codec. (00000000208DD618)
[LOG] SoundI::release                          : (null) (00000000208CAF48)
[LOG] SoundI::release                          : release subsounds. (00000000208CAF48)
[LOG] SoundI::release                          :     (null) (00000000208CADA8)
[LOG] SoundI::release                          : release codec. (00000000208CAF48)
[LOG] SoundI::release                          : (null) (00000000208CB3E8)
[LOG] SoundI::release                          : release subsounds. (00000000208CB3E8)
[LOG] SoundI::release                          :     (null) (00000000208DCCC8)
[LOG] SoundI::release                          : release codec. (00000000208CB3E8)
[LOG] SoundI::release                          : (null) (00000000208DC1D8)
[LOG] SoundI::release                          : release subsounds. (00000000208DC1D8)
[LOG] SoundI::release                          :     (null) (00000000209AB758)
[LOG] SoundI::release                          : release codec. (00000000208DC1D8)
[LOG] SoundI::release                          : (null) (00000000208DD1B8)
[LOG] SoundI::release                          : release subsounds. (00000000208DD1B8)
[LOG] SoundI::release                          :     (null) (0000000020949868)
[LOG] SoundI::release                          : release codec. (00000000208DD1B8)
[LOG] SoundI::release                          : (null) (00000000209A2FC8)
[LOG] SoundI::release                          : release subsounds. (00000000209A2FC8)
[LOG] SoundI::release                          :     (null) (0000000020A0A248)
[LOG] SoundI::release                          : release codec. (00000000209A2FC8)
[LOG] Thread::callback                         : * FMOD Studio update thread finished
[LOG] Thread::close                            : FMOD Studio update thread thread destroyed
[LOG] Thread::callback                         : * FMOD Studio load thread finished
[LOG] Thread::close                            : FMOD Studio load thread thread destroyed
[LOG] Profile::disconnectAll                   : Profiler disconnecting all clients
[LOG] LiveUpdate::release                      : 
[LOG] SystemI::close                           : 
[LOG] SystemI::close                           : Stop all sounds
[LOG] Thread::callback                         : * FMOD stream thread finished
[LOG] Thread::close                            : FMOD stream thread thread destroyed
[LOG] SystemI::close                           : Stream thread destroyed
[LOG] SystemI::close                           : Shut down output.
[LOG] Thread::callback                         : * FMOD (WASAPI) feeder thread finished
[LOG] Thread::close                            : FMOD (WASAPI) feeder thread thread destroyed
[LOG] Thread::callback                         : * FMOD mixer thread finished
[LOG] Thread::close                            : FMOD mixer thread thread destroyed
[LOG] SystemI::close                           : Free master channel group.
[LOG] SystemI::close                           : Remove 'master' sound group.
[LOG] SystemI::close                           : Free software output.
[LOG] SystemI::close                           : Free emulated output.
[LOG] SystemI::close                           : Free channel pool.
[LOG] SystemI::close                           : Remove miscllaneous DSP stuff.
[LOG] Global::decRef                           : Shut down streamer and FMOD_NONBLOCKING and FileSystem thread.
[LOG] Thread::callback                         : * FMOD nonblocking thread (0) finished
[LOG] Thread::close                            : FMOD nonblocking thread (0) thread destroyed
[LOG] Global::decRef                           : Shut down file system.
[LOG] SystemI::close                           : done.

